2023-07-19 19:10:44,203 - urllib3.connectionpool - DEBUG - Starting new HTTPS connection (1): api.opendota.com:443
2023-07-19 19:10:44,419 - urllib3.connectionpool - DEBUG - https://api.opendota.com:443 "GET /api/publicMatches HTTP/1.1" 200 None
2023-07-19 19:10:45,422 - urllib3.connectionpool - DEBUG - Starting new HTTPS connection (1): api.opendota.com:443
2023-07-19 19:10:45,613 - urllib3.connectionpool - DEBUG - https://api.opendota.com:443 "GET /api/publicMatches?less_than_match_id=7248532502 HTTP/1.1" 200 None
2023-07-19 19:10:46,616 - urllib3.connectionpool - DEBUG - Starting new HTTPS connection (1): api.opendota.com:443
2023-07-19 19:10:46,820 - urllib3.connectionpool - DEBUG - https://api.opendota.com:443 "GET /api/publicMatches?less_than_match_id=7248527502 HTTP/1.1" 200 None
2023-07-19 19:10:47,825 - urllib3.connectionpool - DEBUG - Starting new HTTPS connection (1): api.opendota.com:443
2023-07-19 19:10:48,028 - urllib3.connectionpool - DEBUG - https://api.opendota.com:443 "GET /api/publicMatches?less_than_match_id=7248523815 HTTP/1.1" 200 None
2023-07-19 19:10:49,030 - urllib3.connectionpool - DEBUG - Starting new HTTPS connection (1): api.opendota.com:443
2023-07-19 19:10:49,221 - urllib3.connectionpool - DEBUG - https://api.opendota.com:443 "GET /api/publicMatches?less_than_match_id=7248520919 HTTP/1.1" 200 None
2023-07-19 19:10:50,222 - urllib3.connectionpool - DEBUG - Starting new HTTPS connection (1): api.opendota.com:443
2023-07-19 19:10:50,416 - urllib3.connectionpool - DEBUG - https://api.opendota.com:443 "GET /api/publicMatches?less_than_match_id=7248518310 HTTP/1.1" 200 None
2023-07-19 19:10:51,419 - urllib3.connectionpool - DEBUG - Starting new HTTPS connection (1): api.opendota.com:443
2023-07-19 19:10:51,614 - urllib3.connectionpool - DEBUG - https://api.opendota.com:443 "GET /api/publicMatches?less_than_match_id=7248516315 HTTP/1.1" 200 None
2023-07-19 19:10:52,617 - urllib3.connectionpool - DEBUG - Starting new HTTPS connection (1): api.opendota.com:443
2023-07-19 19:10:52,805 - urllib3.connectionpool - DEBUG - https://api.opendota.com:443 "GET /api/replays?match_id=7248516219 HTTP/1.1" 200 2
2023-07-19 19:10:52,806 - urllib3.connectionpool - DEBUG - Starting new HTTPS connection (1): api.opendota.com:443
2023-07-19 19:10:52,994 - urllib3.connectionpool - DEBUG - https://api.opendota.com:443 "GET /api/publicMatches?less_than_match_id=7248516219 HTTP/1.1" 200 None
2023-07-19 19:10:53,997 - urllib3.connectionpool - DEBUG - Starting new HTTPS connection (1): api.opendota.com:443
2023-07-19 19:10:54,301 - urllib3.connectionpool - DEBUG - https://api.opendota.com:443 "GET /api/publicMatches?less_than_match_id=7248514111 HTTP/1.1" 200 None
2023-07-19 19:10:55,340 - urllib3.connectionpool - DEBUG - Starting new HTTPS connection (1): api.opendota.com:443
2023-07-19 19:10:55,532 - urllib3.connectionpool - DEBUG - https://api.opendota.com:443 "GET /api/publicMatches?less_than_match_id=7248512216 HTTP/1.1" 200 None
2023-07-19 19:10:56,535 - urllib3.connectionpool - DEBUG - Starting new HTTPS connection (1): api.opendota.com:443
2023-07-19 19:10:56,740 - urllib3.connectionpool - DEBUG - https://api.opendota.com:443 "GET /api/publicMatches?less_than_match_id=7248510406 HTTP/1.1" 200 None
2023-07-19 19:10:57,743 - urllib3.connectionpool - DEBUG - Starting new HTTPS connection (1): api.opendota.com:443
2023-07-19 19:10:57,936 - urllib3.connectionpool - DEBUG - https://api.opendota.com:443 "GET /api/publicMatches?less_than_match_id=7248508612 HTTP/1.1" 200 None
2023-07-19 19:10:58,939 - urllib3.connectionpool - DEBUG - Starting new HTTPS connection (1): api.opendota.com:443
2023-07-19 19:10:59,350 - urllib3.connectionpool - DEBUG - https://api.opendota.com:443 "GET /api/replays?match_id=7248507711 HTTP/1.1" 200 2
2023-07-19 19:10:59,352 - urllib3.connectionpool - DEBUG - Starting new HTTPS connection (1): api.opendota.com:443
2023-07-19 19:10:59,549 - urllib3.connectionpool - DEBUG - https://api.opendota.com:443 "GET /api/publicMatches?less_than_match_id=7248507711 HTTP/1.1" 200 None
2023-07-19 19:11:00,552 - urllib3.connectionpool - DEBUG - Starting new HTTPS connection (1): api.opendota.com:443
2023-07-19 19:11:00,735 - urllib3.connectionpool - DEBUG - https://api.opendota.com:443 "GET /api/replays?match_id=7248507707 HTTP/1.1" 200 2
2023-07-19 19:11:00,737 - urllib3.connectionpool - DEBUG - Starting new HTTPS connection (1): api.opendota.com:443
2023-07-19 19:11:00,933 - urllib3.connectionpool - DEBUG - https://api.opendota.com:443 "GET /api/publicMatches?less_than_match_id=7248507707 HTTP/1.1" 200 None
2023-07-19 19:11:01,936 - urllib3.connectionpool - DEBUG - Starting new HTTPS connection (1): api.opendota.com:443
2023-07-19 19:11:02,329 - urllib3.connectionpool - DEBUG - https://api.opendota.com:443 "GET /api/publicMatches?less_than_match_id=7248506017 HTTP/1.1" 200 None
2023-07-19 19:11:03,331 - urllib3.connectionpool - DEBUG - Starting new HTTPS connection (1): api.opendota.com:443
2023-07-19 19:11:03,518 - urllib3.connectionpool - DEBUG - https://api.opendota.com:443 "GET /api/replays?match_id=7248505314 HTTP/1.1" 200 None
2023-07-19 19:11:03,519 - urllib3.connectionpool - DEBUG - Starting new HTTP connection (1): replay185.valve.net:80
2023-07-19 19:11:03,858 - urllib3.connectionpool - DEBUG - http://replay185.valve.net:80 "GET /570/7248505314_1633302871.dem.bz2 HTTP/1.1" 200 55801145
2023-07-19 19:11:12,359 - __main__ - DEBUG - Successfully downloaded replay. Playing 7248505314.dem
2023-07-19 19:19:25,092 - urllib3.connectionpool - DEBUG - Starting new HTTPS connection (1): api.opendota.com:443
2023-07-19 19:19:25,288 - urllib3.connectionpool - DEBUG - https://api.opendota.com:443 "GET /api/publicMatches HTTP/1.1" 200 None
2023-07-19 19:19:26,296 - urllib3.connectionpool - DEBUG - Starting new HTTPS connection (1): api.opendota.com:443
2023-07-19 19:19:26,490 - urllib3.connectionpool - DEBUG - https://api.opendota.com:443 "GET /api/publicMatches?less_than_match_id=7248543317 HTTP/1.1" 200 None
2023-07-19 19:19:27,492 - urllib3.connectionpool - DEBUG - Starting new HTTPS connection (1): api.opendota.com:443
2023-07-19 19:19:27,681 - urllib3.connectionpool - DEBUG - https://api.opendota.com:443 "GET /api/replays?match_id=7248541314 HTTP/1.1" 200 2
2023-07-19 19:19:27,682 - urllib3.connectionpool - DEBUG - Starting new HTTPS connection (1): api.opendota.com:443
2023-07-19 19:19:27,942 - urllib3.connectionpool - DEBUG - https://api.opendota.com:443 "GET /api/publicMatches?less_than_match_id=7248541314 HTTP/1.1" 200 None
2023-07-19 19:19:28,947 - urllib3.connectionpool - DEBUG - Starting new HTTPS connection (1): api.opendota.com:443
2023-07-19 19:19:29,139 - urllib3.connectionpool - DEBUG - https://api.opendota.com:443 "GET /api/publicMatches?less_than_match_id=7248537203 HTTP/1.1" 200 None
2023-07-19 19:19:30,141 - urllib3.connectionpool - DEBUG - Starting new HTTPS connection (1): api.opendota.com:443
2023-07-19 19:19:30,364 - urllib3.connectionpool - DEBUG - https://api.opendota.com:443 "GET /api/publicMatches?less_than_match_id=7248534517 HTTP/1.1" 200 None
2023-07-19 19:19:31,367 - urllib3.connectionpool - DEBUG - Starting new HTTPS connection (1): api.opendota.com:443
2023-07-19 19:19:31,562 - urllib3.connectionpool - DEBUG - https://api.opendota.com:443 "GET /api/publicMatches?less_than_match_id=7248531701 HTTP/1.1" 200 None
2023-07-19 19:19:32,566 - urllib3.connectionpool - DEBUG - Starting new HTTPS connection (1): api.opendota.com:443
2023-07-19 19:19:32,759 - urllib3.connectionpool - DEBUG - https://api.opendota.com:443 "GET /api/publicMatches?less_than_match_id=7248529209 HTTP/1.1" 200 None
2023-07-19 19:19:33,762 - urllib3.connectionpool - DEBUG - Starting new HTTPS connection (1): api.opendota.com:443
2023-07-19 19:19:33,960 - urllib3.connectionpool - DEBUG - https://api.opendota.com:443 "GET /api/publicMatches?less_than_match_id=7248526809 HTTP/1.1" 200 None
2023-07-19 19:19:34,962 - urllib3.connectionpool - DEBUG - Starting new HTTPS connection (1): api.opendota.com:443
2023-07-19 19:19:35,168 - urllib3.connectionpool - DEBUG - https://api.opendota.com:443 "GET /api/replays?match_id=7248526702 HTTP/1.1" 200 2
2023-07-19 19:19:35,169 - urllib3.connectionpool - DEBUG - Starting new HTTPS connection (1): api.opendota.com:443
2023-07-19 19:19:35,425 - urllib3.connectionpool - DEBUG - https://api.opendota.com:443 "GET /api/publicMatches?less_than_match_id=7248526702 HTTP/1.1" 200 None
2023-07-19 19:19:36,436 - urllib3.connectionpool - DEBUG - Starting new HTTPS connection (1): api.opendota.com:443
2023-07-19 19:19:36,634 - urllib3.connectionpool - DEBUG - https://api.opendota.com:443 "GET /api/publicMatches?less_than_match_id=7248524812 HTTP/1.1" 200 None
2023-07-19 19:19:37,636 - urllib3.connectionpool - DEBUG - Starting new HTTPS connection (1): api.opendota.com:443
2023-07-19 19:19:37,834 - urllib3.connectionpool - DEBUG - https://api.opendota.com:443 "GET /api/publicMatches?less_than_match_id=7248522709 HTTP/1.1" 200 None
2023-07-19 19:19:38,837 - urllib3.connectionpool - DEBUG - Starting new HTTPS connection (1): api.opendota.com:443
2023-07-19 19:19:39,091 - urllib3.connectionpool - DEBUG - https://api.opendota.com:443 "GET /api/publicMatches?less_than_match_id=7248520902 HTTP/1.1" 200 None
2023-07-19 19:19:40,093 - urllib3.connectionpool - DEBUG - Starting new HTTPS connection (1): api.opendota.com:443
2023-07-19 19:19:40,285 - urllib3.connectionpool - DEBUG - https://api.opendota.com:443 "GET /api/publicMatches?less_than_match_id=7248518708 HTTP/1.1" 200 None
2023-07-19 19:19:41,288 - urllib3.connectionpool - DEBUG - Starting new HTTPS connection (1): api.opendota.com:443
2023-07-19 19:19:41,493 - urllib3.connectionpool - DEBUG - https://api.opendota.com:443 "GET /api/publicMatches?less_than_match_id=7248517412 HTTP/1.1" 200 None
2023-07-19 19:19:42,495 - urllib3.connectionpool - DEBUG - Starting new HTTPS connection (1): api.opendota.com:443
2023-07-19 19:19:42,695 - urllib3.connectionpool - DEBUG - https://api.opendota.com:443 "GET /api/replays?match_id=7248516219 HTTP/1.1" 200 2
2023-07-19 19:19:42,696 - urllib3.connectionpool - DEBUG - Starting new HTTPS connection (1): api.opendota.com:443
2023-07-19 19:19:42,907 - urllib3.connectionpool - DEBUG - https://api.opendota.com:443 "GET /api/publicMatches?less_than_match_id=7248516219 HTTP/1.1" 200 None
2023-07-19 19:19:43,910 - urllib3.connectionpool - DEBUG - Starting new HTTPS connection (1): api.opendota.com:443
2023-07-19 19:19:44,119 - urllib3.connectionpool - DEBUG - https://api.opendota.com:443 "GET /api/publicMatches?less_than_match_id=7248514400 HTTP/1.1" 200 None
2023-07-19 19:19:45,121 - urllib3.connectionpool - DEBUG - Starting new HTTPS connection (1): api.opendota.com:443
2023-07-19 19:19:45,795 - urllib3.connectionpool - DEBUG - https://api.opendota.com:443 "GET /api/publicMatches?less_than_match_id=7248512706 HTTP/1.1" 200 None
2023-07-19 19:19:46,802 - urllib3.connectionpool - DEBUG - Starting new HTTPS connection (1): api.opendota.com:443
2023-07-19 19:19:46,997 - urllib3.connectionpool - DEBUG - https://api.opendota.com:443 "GET /api/publicMatches?less_than_match_id=7248511112 HTTP/1.1" 200 None
2023-07-19 19:19:47,999 - urllib3.connectionpool - DEBUG - Starting new HTTPS connection (1): api.opendota.com:443
2023-07-19 19:19:48,196 - urllib3.connectionpool - DEBUG - https://api.opendota.com:443 "GET /api/replays?match_id=7248509901 HTTP/1.1" 200 2
2023-07-19 19:19:48,198 - urllib3.connectionpool - DEBUG - Starting new HTTPS connection (1): api.opendota.com:443
2023-07-19 19:19:48,473 - urllib3.connectionpool - DEBUG - https://api.opendota.com:443 "GET /api/publicMatches?less_than_match_id=7248509901 HTTP/1.1" 200 None
2023-07-19 19:19:49,486 - urllib3.connectionpool - DEBUG - Starting new HTTPS connection (1): api.opendota.com:443
2023-07-19 19:19:49,678 - urllib3.connectionpool - DEBUG - https://api.opendota.com:443 "GET /api/publicMatches?less_than_match_id=7248508211 HTTP/1.1" 200 None
2023-07-19 19:19:50,681 - urllib3.connectionpool - DEBUG - Starting new HTTPS connection (1): api.opendota.com:443
2023-07-19 19:19:50,870 - urllib3.connectionpool - DEBUG - https://api.opendota.com:443 "GET /api/replays?match_id=7248507711 HTTP/1.1" 200 None
2023-07-19 19:19:50,872 - urllib3.connectionpool - DEBUG - Starting new HTTP connection (1): replay271.valve.net:80
2023-07-19 19:19:51,216 - urllib3.connectionpool - DEBUG - http://replay271.valve.net:80 "GET /570/7248507711_295069078.dem.bz2 HTTP/1.1" 200 56412115
2023-07-19 19:20:00,769 - __main__ - DEBUG - Successfully downloaded replay. Playing 7248507711.dem
